
[2025-11-17 09:02:41.966][1][info][main] [external/envoy/source/server/server.cc:368] initializing epoch 0 (base id=0, hot restart version=11.104)
[2025-11-17 09:02:41.967][1][info][main] [external/envoy/source/server/server.cc:370] statically linked extensions:
[2025-11-17 09:02:41.967][1][info][main] [external/envoy/source/server/server.cc:372]   envoy.access_loggers: envoy.access_loggers.file, envoy.access_loggers.http_grpc, envoy.access_loggers.open_telemetry, envoy.access_loggers.stderr, envoy.access_loggers.stdout, envoy.access_loggers.tcp_grpc, envoy.access_loggers.wasm, envoy.file_access_log, envoy.http_grpc_access_log, envoy.open_telemetry_access_log, envoy.stderr_access_log, envoy.stdout_access_log, envoy.tcp_grpc_access_log, envoy.wasm_access_log
[2025-11-17 09:02:41.967][1][info][main] [external/envoy/source/server/server.cc:372]   envoy.thrift_proxy.filters: envoy.filters.thrift.rate_limit, envoy.filters.thrift.router
[2025-11-17 09:02:41.967][1][info][main] [external/envoy/source/server/server.cc:372]   envoy.filters.udp_listener: envoy.filters.udp.dns_filter, envoy.filters.udp_listener.udp_proxy
[2025-11-17 09:02:41.967][1][info][main] [external/envoy/source/server/server.cc:372]   envoy.matching.input_matchers: envoy.matching.matchers.consistent_hashing, envoy.matching.matchers.ip
[2025-11-17 09:02:41.967][1][info][main] [external/envoy/source/server/server.cc:372]   envoy.resolvers: envoy.ip
[2025-11-17 09:02:41.967][1][info][main] [external/envoy/source/server/server.cc:372]   envoy.thrift_proxy.protocols: auto, binary, binary/non-strict, compact, twitter
[2025-11-17 09:02:41.967][1][info][main] [external/envoy/source/server/server.cc:372]   envoy.formatter: envoy.formatter.metadata, envoy.formatter.req_without_query
[2025-11-17 09:02:41.967][1][info][main] [external/envoy/source/server/server.cc:372]   envoy.transport_sockets.upstream: envoy.transport_sockets.alts, envoy.transport_sockets.quic, envoy.transport_sockets.raw_buffer, envoy.transport_sockets.starttls, envoy.transport_sockets.tap, envoy.transport_sockets.tls, envoy.transport_sockets.upstream_proxy_protocol, raw_buffer, starttls, tls
[2025-11-17 09:02:41.967][1][info][main] [external/envoy/source/server/server.cc:372]   envoy.matching.action: composite-action, skip
[2025-11-17 09:02:41.967][1][info][main] [external/envoy/source/server/server.cc:372]   envoy.filters.upstream_network: envoy.filters.network.upstream.metadata_exchange
[2025-11-17 09:02:41.967][1][info][main] [external/envoy/source/server/server.cc:372]   envoy.filters.http: envoy.bandwidth_limit, envoy.buffer, envoy.cors, envoy.csrf, envoy.ext_authz, envoy.ext_proc, envoy.fault, envoy.filters.http.adaptive_concurrency, envoy.filters.http.admission_control, envoy.filters.http.alternate_protocols_cache, envoy.filters.http.aws_lambda, envoy.filters.http.aws_request_signing, envoy.filters.http.bandwidth_limit, envoy.filters.http.buffer, envoy.filters.http.cache, envoy.filters.http.cdn_loop, envoy.filters.http.composite, envoy.filters.http.compressor, envoy.filters.http.cors, envoy.filters.http.csrf, envoy.filters.http.decompressor, envoy.filters.http.dynamic_forward_proxy, envoy.filters.http.dynamo, envoy.filters.http.ext_authz, envoy.filters.http.ext_proc, envoy.filters.http.fault, envoy.filters.http.grpc_http1_bridge, envoy.filters.http.grpc_http1_reverse_bridge, envoy.filters.http.grpc_json_transcoder, envoy.filters.http.grpc_stats, envoy.filters.http.grpc_web, envoy.filters.http.header_to_metadata, envoy.filters.http.health_check, envoy.filters.http.http_dubbo_transcoder, envoy.filters.http.ip_tagging, envoy.filters.http.jwt_authn, envoy.filters.http.local_ratelimit, envoy.filters.http.lua, envoy.filters.http.oauth2, envoy.filters.http.on_demand, envoy.filters.http.original_src, envoy.filters.http.ratelimit, envoy.filters.http.rbac, envoy.filters.http.router, envoy.filters.http.set_metadata, envoy.filters.http.squash, envoy.filters.http.sxg, envoy.filters.http.tap, envoy.filters.http.wasm, envoy.grpc_http1_bridge, envoy.grpc_json_transcoder, envoy.grpc_web, envoy.health_check, envoy.http_dynamo_filter, envoy.ip_tagging, envoy.local_rate_limit, envoy.lua, envoy.rate_limit, envoy.router, envoy.squash, istio.alpn, istio_authn, match-wrapper
[2025-11-17 09:02:41.967][1][info][main] [external/envoy/source/server/server.cc:372]   envoy.clusters: envoy.cluster.eds, envoy.cluster.logical_dns, envoy.cluster.original_dst, envoy.cluster.static, envoy.cluster.strict_dns, envoy.clusters.aggregate, envoy.clusters.dynamic_forward_proxy, envoy.clusters.redis
[2025-11-17 09:02:41.967][1][info][main] [external/envoy/source/server/server.cc:372]   envoy.upstreams: envoy.filters.connection_pools.tcp.generic
[2025-11-17 09:02:41.967][1][info][main] [external/envoy/source/server/server.cc:372]   envoy.stats_sinks: envoy.dog_statsd, envoy.graphite_statsd, envoy.metrics_service, envoy.stat_sinks.dog_statsd, envoy.stat_sinks.graphite_statsd, envoy.stat_sinks.hystrix, envoy.stat_sinks.metrics_service, envoy.stat_sinks.statsd, envoy.stat_sinks.wasm, envoy.statsd
[2025-11-17 09:02:41.967][1][info][main] [external/envoy/source/server/server.cc:372]   envoy.dubbo_proxy.serializers: dubbo.hessian2
[2025-11-17 09:02:41.967][1][info][main] [external/envoy/source/server/server.cc:372]   envoy.http.stateful_header_formatters: preserve_case
[2025-11-17 09:02:41.967][1][info][main] [external/envoy/source/server/server.cc:372]   envoy.request_id: envoy.request_id.uuid
[2025-11-17 09:02:41.967][1][info][main] [external/envoy/source/server/server.cc:372]   envoy.router.cluster_specifier_plugin: envoy.router.cluster_specifier_plugin.cluster_fallback
[2025-11-17 09:02:41.967][1][info][main] [external/envoy/source/server/server.cc:372]   envoy.dubbo_proxy.protocols: dubbo
[2025-11-17 09:02:41.967][1][info][main] [external/envoy/source/server/server.cc:372]   envoy.dubbo_proxy.route_matchers: default
[2025-11-17 09:02:41.967][1][info][main] [external/envoy/source/server/server.cc:372]   envoy.thrift_proxy.transports: auto, framed, header, unframed
[2025-11-17 09:02:41.967][1][info][main] [external/envoy/source/server/server.cc:372]   envoy.dubbo_proxy.filters: envoy.filters.dubbo.router
[2025-11-17 09:02:41.967][1][info][main] [external/envoy/source/server/server.cc:372]   envoy.retry_priorities: envoy.retry_priorities.previous_priorities
[2025-11-17 09:02:41.967][1][info][main] [external/envoy/source/server/server.cc:372]   envoy.tls.cert_validator: envoy.tls.cert_validator.default, envoy.tls.cert_validator.spiffe
[2025-11-17 09:02:41.967][1][info][main] [external/envoy/source/server/server.cc:372]   envoy.http.original_ip_detection: envoy.http.original_ip_detection.custom_header, envoy.http.original_ip_detection.xff
[2025-11-17 09:02:41.967][1][info][main] [external/envoy/source/server/server.cc:372]   envoy.common.key_value: envoy.key_value.file_based
[2025-11-17 09:02:41.967][1][info][main] [external/envoy/source/server/server.cc:372]   envoy.compression.compressor: envoy.compression.brotli.compressor, envoy.compression.gzip.compressor
[2025-11-17 09:02:41.967][1][info][main] [external/envoy/source/server/server.cc:372]   envoy.internal_redirect_predicates: envoy.internal_redirect_predicates.allow_listed_routes, envoy.internal_redirect_predicates.previous_routes, envoy.internal_redirect_predicates.safe_cross_scheme
[2025-11-17 09:02:41.967][1][info][main] [external/envoy/source/server/server.cc:372]   envoy.rbac.matchers: envoy.rbac.matchers.upstream.upstream_ip_port
[2025-11-17 09:02:41.967][1][info][main] [external/envoy/source/server/server.cc:372]   envoy.guarddog_actions: envoy.watchdog.abort_action, envoy.watchdog.profile_action
[2025-11-17 09:02:41.967][1][info][main] [external/envoy/source/server/server.cc:372]   envoy.retry_host_predicates: envoy.retry_host_predicates.omit_canary_hosts, envoy.retry_host_predicates.omit_host_metadata, envoy.retry_host_predicates.previous_hosts
[2025-11-17 09:02:41.967][1][info][main] [external/envoy/source/server/server.cc:372]   envoy.compression.decompressor: envoy.compression.brotli.decompressor, envoy.compression.gzip.decompressor
[2025-11-17 09:02:41.967][1][info][main] [external/envoy/source/server/server.cc:372]   envoy.matching.http.input: request-headers, request-trailers, response-headers, response-trailers
[2025-11-17 09:02:41.967][1][info][main] [external/envoy/source/server/server.cc:372]   envoy.quic.server.crypto_stream: envoy.quic.crypto_stream.server.quiche
[2025-11-17 09:02:41.967][1][info][main] [external/envoy/source/server/server.cc:372]   envoy.sip_proxy.filters: envoy.filters.sip.router
[2025-11-17 09:02:41.967][1][info][main] [external/envoy/source/server/server.cc:372]   envoy.transport_sockets.downstream: envoy.transport_sockets.alts, envoy.transport_sockets.quic, envoy.transport_sockets.raw_buffer, envoy.transport_sockets.starttls, envoy.transport_sockets.tap, envoy.transport_sockets.tls, raw_buffer, starttls, tls
[2025-11-17 09:02:41.967][1][info][main] [external/envoy/source/server/server.cc:372]   envoy.filters.listener: envoy.filters.listener.http_inspector, envoy.filters.listener.original_dst, envoy.filters.listener.original_src, envoy.filters.listener.proxy_protocol, envoy.filters.listener.tls_inspector, envoy.listener.http_inspector, envoy.listener.original_dst, envoy.listener.original_src, envoy.listener.proxy_protocol, envoy.listener.tls_inspector
[2025-11-17 09:02:41.967][1][info][main] [external/envoy/source/server/server.cc:372]   envoy.matching.common_inputs: envoy.matching.common_inputs.environment_variable
[2025-11-17 09:02:41.967][1][info][main] [external/envoy/source/server/server.cc:372]   envoy.rate_limit_descriptors: envoy.rate_limit_descriptors.expr
[2025-11-17 09:02:41.967][1][info][main] [external/envoy/source/server/server.cc:372]   envoy.tls.key_providers: cryptomb
[2025-11-17 09:02:41.967][1][info][main] [external/envoy/source/server/server.cc:372]   envoy.upstream_options: envoy.extensions.upstreams.http.v3.HttpProtocolOptions, envoy.upstreams.http.http_protocol_options
[2025-11-17 09:02:41.967][1][info][main] [external/envoy/source/server/server.cc:372]   envoy.filters.network: envoy.client_ssl_auth, envoy.echo, envoy.ext_authz, envoy.filters.network.client_ssl_auth, envoy.filters.network.connection_limit, envoy.filters.network.direct_response, envoy.filters.network.dubbo_proxy, envoy.filters.network.echo, envoy.filters.network.ext_authz, envoy.filters.network.http_connection_manager, envoy.filters.network.kafka_broker, envoy.filters.network.kafka_mesh, envoy.filters.network.local_ratelimit, envoy.filters.network.metadata_exchange, envoy.filters.network.mongo_proxy, envoy.filters.network.mysql_proxy, envoy.filters.network.postgres_proxy, envoy.filters.network.ratelimit, envoy.filters.network.rbac, envoy.filters.network.redis_proxy, envoy.filters.network.rocketmq_proxy, envoy.filters.network.sip_proxy, envoy.filters.network.sni_cluster, envoy.filters.network.sni_dynamic_forward_proxy, envoy.filters.network.tcp_cluster_rewrite, envoy.filters.network.tcp_proxy, envoy.filters.network.thrift_proxy, envoy.filters.network.wasm, envoy.filters.network.zookeeper_proxy, envoy.http_connection_manager, envoy.mongo_proxy, envoy.ratelimit, envoy.redis_proxy, envoy.tcp_proxy, forward_downstream_sni, sni_verifier
[2025-11-17 09:02:41.967][1][info][main] [external/envoy/source/server/server.cc:372]   envoy.grpc_credentials: envoy.grpc_credentials.aws_iam, envoy.grpc_credentials.default, envoy.grpc_credentials.file_based_metadata
[2025-11-17 09:02:41.967][1][info][main] [external/envoy/source/server/server.cc:372]   envoy.bootstrap: envoy.bootstrap.wasm, envoy.extensions.network.socket_interface.default_socket_interface
[2025-11-17 09:02:41.967][1][info][main] [external/envoy/source/server/server.cc:372]   envoy.tracers: envoy.dynamic.ot, envoy.lightstep, envoy.tracers.datadog, envoy.tracers.dynamic_ot, envoy.tracers.lightstep, envoy.tracers.opencensus, envoy.tracers.skywalking, envoy.tracers.xray, envoy.tracers.zipkin, envoy.zipkin
[2025-11-17 09:02:41.967][1][info][main] [external/envoy/source/server/server.cc:372]   envoy.http.cache: envoy.extensions.http.cache.simple
[2025-11-17 09:02:41.967][1][info][main] [external/envoy/source/server/server.cc:372]   envoy.wasm.runtime: envoy.wasm.runtime.null, envoy.wasm.runtime.v8
[2025-11-17 09:02:41.967][1][info][main] [external/envoy/source/server/server.cc:372]   envoy.resource_monitors: envoy.resource_monitors.fixed_heap, envoy.resource_monitors.injected_resource
[2025-11-17 09:02:41.967][1][info][main] [external/envoy/source/server/server.cc:372]   envoy.quic.proof_source: envoy.quic.proof_source.filter_chain
[2025-11-17 09:02:41.967][1][info][main] [external/envoy/source/server/server.cc:372]   envoy.health_checkers: envoy.health_checkers.redis
[2025-11-17 09:02:41.976][1][info][main] [external/envoy/source/server/server.cc:390] HTTP header map info:
[2025-11-17 09:02:41.984][1][info][main] [external/envoy/source/server/server.cc:393]   request header map: 656 bytes: :authority,:method,:path,:protocol,:scheme,accept,accept-encoding,access-control-request-headers,access-control-request-method,authentication,authorization,cache-control,cdn-loop,connection,content-encoding,content-length,content-type,expect,grpc-accept-encoding,grpc-timeout,if-match,if-modified-since,if-none-match,if-range,if-unmodified-since,keep-alive,origin,pragma,proxy-connection,referer,te,transfer-encoding,upgrade,user-agent,via,x-client-trace-id,x-envoy-attempt-count,x-envoy-decorator-operation,x-envoy-downstream-service-cluster,x-envoy-downstream-service-node,x-envoy-expected-rq-timeout-ms,x-envoy-external-address,x-envoy-force-trace,x-envoy-hedge-on-per-try-timeout,x-envoy-internal,x-envoy-ip-tags,x-envoy-max-retries,x-envoy-original-path,x-envoy-original-url,x-envoy-retriable-header-names,x-envoy-retriable-status-codes,x-envoy-retry-grpc-on,x-envoy-retry-on,x-envoy-upstream-alt-stat-name,x-envoy-upstream-rq-per-try-timeout-ms,x-envoy-upstream-rq-timeout-alt-response,x-envoy-upstream-rq-timeout-ms,x-envoy-upstream-stream-duration-ms,x-forwarded-client-cert,x-forwarded-for,x-forwarded-host,x-forwarded-proto,x-ot-span-context,x-request-id
[2025-11-17 09:02:41.984][1][info][main] [external/envoy/source/server/server.cc:393]   request trailer map: 136 bytes: 
[2025-11-17 09:02:41.984][1][info][main] [external/envoy/source/server/server.cc:393]   response header map: 432 bytes: :status,access-control-allow-credentials,access-control-allow-headers,access-control-allow-methods,access-control-allow-origin,access-control-expose-headers,access-control-max-age,age,cache-control,connection,content-encoding,content-length,content-type,date,etag,expires,grpc-message,grpc-status,keep-alive,last-modified,location,proxy-connection,server,transfer-encoding,upgrade,vary,via,x-envoy-attempt-count,x-envoy-decorator-operation,x-envoy-degraded,x-envoy-immediate-health-check-fail,x-envoy-ratelimited,x-envoy-upstream-canary,x-envoy-upstream-healthchecked-cluster,x-envoy-upstream-service-time,x-request-id
[2025-11-17 09:02:41.984][1][info][main] [external/envoy/source/server/server.cc:393]   response trailer map: 160 bytes: grpc-message,grpc-status
[2025-11-17 09:02:42.010][1][info][main] [external/envoy/source/server/server.cc:740] runtime: {}
[2025-11-17 09:02:42.011][1][info][admin] [external/envoy/source/server/admin/admin.cc:135] admin address: 0.0.0.0:9901
[2025-11-17 09:02:42.012][1][info][config] [external/envoy/source/server/configuration_impl.cc:127] loading tracing configuration
[2025-11-17 09:02:42.012][1][info][config] [external/envoy/source/server/configuration_impl.cc:87] loading 0 static secret(s)
[2025-11-17 09:02:42.012][1][info][config] [external/envoy/source/server/configuration_impl.cc:93] loading 1 cluster(s)
[2025-11-17 09:02:42.013][1][info][config] [external/envoy/source/server/configuration_impl.cc:97] loading 1 listener(s)
[2025-11-17 09:02:42.160][1][debug][wasm] [external/envoy/source/extensions/common/wasm/wasm.cc:121] Base Wasm created 1 now active
[2025-11-17 09:02:42.268][1][debug][wasm] [external/envoy/source/extensions/common/wasm/wasm.cc:146] Thread-Local Wasm created 2 now active
[2025-11-17 09:02:42.270][1][debug][wasm] [external/envoy/source/extensions/common/wasm/context.cc:1308] wasm log: [easy-logger] [nil] [nil] parseConfig()
[2025-11-17 09:02:42.270][1][debug][wasm] [external/envoy/source/extensions/common/wasm/context.cc:1308] wasm log: [easy-logger] [nil] [nil] parse config:&{true true 200,500,502,503}
[2025-11-17 09:02:42.270][1][info][wasm] [external/envoy/source/extensions/common/wasm/context.cc:1311] wasm log: [easy-logger] [nil] [nil] plugin start successfully
[2025-11-17 09:02:42.270][1][debug][wasm] [external/envoy/source/extensions/common/wasm/wasm.cc:189] ~Wasm 1 remaining active
[2025-11-17 09:02:42.275][1][debug][wasm] [external/envoy/source/extensions/common/wasm/wasm.cc:146] Thread-Local Wasm created 2 now active
[2025-11-17 09:02:42.276][1][debug][wasm] [external/envoy/source/extensions/common/wasm/context.cc:1308] wasm log: [easy-logger] [nil] [nil] parseConfig()
[2025-11-17 09:02:42.276][1][debug][wasm] [external/envoy/source/extensions/common/wasm/context.cc:1308] wasm log: [easy-logger] [nil] [nil] parse config:&{true true 200,500,502,503}
[2025-11-17 09:02:42.276][1][info][wasm] [external/envoy/source/extensions/common/wasm/context.cc:1311] wasm log: [easy-logger] [nil] [nil] plugin start successfully
[2025-11-17 09:02:42.434][1][info][config] [external/envoy/source/server/configuration_impl.cc:109] loading stats configuration
[2025-11-17 09:02:42.435][1][info][main] [external/envoy/source/server/server.cc:836] starting main dispatch loop
[2025-11-17 09:02:42.435][1][info][runtime] [external/envoy/source/common/runtime/runtime_impl.cc:449] RTDS has finished initialization
[2025-11-17 09:02:42.435][1][info][upstream] [external/envoy/source/common/upstream/cluster_manager_impl.cc:210] cm init: all clusters initialized
[2025-11-17 09:02:42.435][1][info][main] [external/envoy/source/server/server.cc:817] all clusters initialized. initializing init manager
[2025-11-17 09:02:42.435][1][info][config] [external/envoy/source/server/listener_manager_impl.cc:779] all dependencies initialized. starting workers
[2025-11-17 09:02:42.444][30][debug][wasm] [external/envoy/source/extensions/common/wasm/wasm.cc:146] Thread-Local Wasm created 3 now active
[2025-11-17 09:02:42.448][29][debug][wasm] [external/envoy/source/extensions/common/wasm/wasm.cc:146] Thread-Local Wasm created 4 now active
[2025-11-17 09:02:42.449][34][debug][wasm] [external/envoy/source/extensions/common/wasm/wasm.cc:146] Thread-Local Wasm created 5 now active
[2025-11-17 09:02:42.450][30][debug][wasm] [external/envoy/source/extensions/common/wasm/context.cc:1308] wasm log: [easy-logger] [nil] [nil] parseConfig()
[2025-11-17 09:02:42.450][30][debug][wasm] [external/envoy/source/extensions/common/wasm/context.cc:1308] wasm log: [easy-logger] [nil] [nil] parse config:&{true true 200,500,502,503}
[2025-11-17 09:02:42.450][30][info][wasm] [external/envoy/source/extensions/common/wasm/context.cc:1311] wasm log: [easy-logger] [nil] [nil] plugin start successfully
[2025-11-17 09:02:42.452][39][debug][wasm] [external/envoy/source/extensions/common/wasm/wasm.cc:146] Thread-Local Wasm created 6 now active
[2025-11-17 09:02:42.452][33][debug][wasm] [external/envoy/source/extensions/common/wasm/wasm.cc:146] Thread-Local Wasm created 7 now active
[2025-11-17 09:02:42.454][39][debug][wasm] [external/envoy/source/extensions/common/wasm/context.cc:1308] wasm log: [easy-logger] [nil] [nil] parseConfig()
[2025-11-17 09:02:42.454][39][debug][wasm] [external/envoy/source/extensions/common/wasm/context.cc:1308] wasm log: [easy-logger] [nil] [nil] parse config:&{true true 200,500,502,503}
[2025-11-17 09:02:42.454][39][info][wasm] [external/envoy/source/extensions/common/wasm/context.cc:1311] wasm log: [easy-logger] [nil] [nil] plugin start successfully
[2025-11-17 09:02:42.455][34][debug][wasm] [external/envoy/source/extensions/common/wasm/context.cc:1308] wasm log: [easy-logger] [nil] [nil] parseConfig()
[2025-11-17 09:02:42.455][34][debug][wasm] [external/envoy/source/extensions/common/wasm/context.cc:1308] wasm log: [easy-logger] [nil] [nil] parse config:&{true true 200,500,502,503}
[2025-11-17 09:02:42.455][34][info][wasm] [external/envoy/source/extensions/common/wasm/context.cc:1311] wasm log: [easy-logger] [nil] [nil] plugin start successfully
[2025-11-17 09:02:42.457][43][debug][wasm] [external/envoy/source/extensions/common/wasm/wasm.cc:146] Thread-Local Wasm created 8 now active
[2025-11-17 09:02:42.457][36][debug][wasm] [external/envoy/source/extensions/common/wasm/wasm.cc:146] Thread-Local Wasm created 9 now active
[2025-11-17 09:02:42.460][59][debug][wasm] [external/envoy/source/extensions/common/wasm/wasm.cc:146] Thread-Local Wasm created 10 now active
[2025-11-17 09:02:42.460][46][debug][wasm] [external/envoy/source/extensions/common/wasm/wasm.cc:146] Thread-Local Wasm created 11 now active
[2025-11-17 09:02:42.461][41][debug][wasm] [external/envoy/source/extensions/common/wasm/wasm.cc:146] Thread-Local Wasm created 12 now active
[2025-11-17 09:02:42.461][49][debug][wasm] [external/envoy/source/extensions/common/wasm/wasm.cc:146] Thread-Local Wasm created 13 now active
[2025-11-17 09:02:42.464][45][debug][wasm] [external/envoy/source/extensions/common/wasm/wasm.cc:146] Thread-Local Wasm created 14 now active
[2025-11-17 09:02:42.464][51][debug][wasm] [external/envoy/source/extensions/common/wasm/wasm.cc:146] Thread-Local Wasm created 15 now active
[2025-11-17 09:02:42.464][29][debug][wasm] [external/envoy/source/extensions/common/wasm/context.cc:1308] wasm log: [easy-logger] [nil] [nil] parseConfig()
[2025-11-17 09:02:42.464][43][debug][wasm] [external/envoy/source/extensions/common/wasm/context.cc:1308] wasm log: [easy-logger] [nil] [nil] parseConfig()
[2025-11-17 09:02:42.464][29][debug][wasm] [external/envoy/source/extensions/common/wasm/context.cc:1308] wasm log: [easy-logger] [nil] [nil] parse config:&{true true 200,500,502,503}
[2025-11-17 09:02:42.464][29][info][wasm] [external/envoy/source/extensions/common/wasm/context.cc:1311] wasm log: [easy-logger] [nil] [nil] plugin start successfully
[2025-11-17 09:02:42.464][36][debug][wasm] [external/envoy/source/extensions/common/wasm/context.cc:1308] wasm log: [easy-logger] [nil] [nil] parseConfig()
[2025-11-17 09:02:42.464][36][debug][wasm] [external/envoy/source/extensions/common/wasm/context.cc:1308] wasm log: [easy-logger] [nil] [nil] parse config:&{true true 200,500,502,503}
[2025-11-17 09:02:42.464][36][info][wasm] [external/envoy/source/extensions/common/wasm/context.cc:1311] wasm log: [easy-logger] [nil] [nil] plugin start successfully
[2025-11-17 09:02:42.465][43][debug][wasm] [external/envoy/source/extensions/common/wasm/context.cc:1308] wasm log: [easy-logger] [nil] [nil] parse config:&{true true 200,500,502,503}
[2025-11-17 09:02:42.465][43][info][wasm] [external/envoy/source/extensions/common/wasm/context.cc:1311] wasm log: [easy-logger] [nil] [nil] plugin start successfully
[2025-11-17 09:02:42.465][33][debug][wasm] [external/envoy/source/extensions/common/wasm/context.cc:1308] wasm log: [easy-logger] [nil] [nil] parseConfig()
[2025-11-17 09:02:42.465][33][debug][wasm] [external/envoy/source/extensions/common/wasm/context.cc:1308] wasm log: [easy-logger] [nil] [nil] parse config:&{true true 200,500,502,503}
[2025-11-17 09:02:42.465][33][info][wasm] [external/envoy/source/extensions/common/wasm/context.cc:1311] wasm log: [easy-logger] [nil] [nil] plugin start successfully
[2025-11-17 09:02:42.467][53][debug][wasm] [external/envoy/source/extensions/common/wasm/wasm.cc:146] Thread-Local Wasm created 16 now active
[2025-11-17 09:02:42.468][41][debug][wasm] [external/envoy/source/extensions/common/wasm/context.cc:1308] wasm log: [easy-logger] [nil] [nil] parseConfig()
[2025-11-17 09:02:42.468][41][debug][wasm] [external/envoy/source/extensions/common/wasm/context.cc:1308] wasm log: [easy-logger] [nil] [nil] parse config:&{true true 200,500,502,503}
[2025-11-17 09:02:42.468][59][debug][wasm] [external/envoy/source/extensions/common/wasm/context.cc:1308] wasm log: [easy-logger] [nil] [nil] parseConfig()
[2025-11-17 09:02:42.468][59][debug][wasm] [external/envoy/source/extensions/common/wasm/context.cc:1308] wasm log: [easy-logger] [nil] [nil] parse config:&{true true 200,500,502,503}
[2025-11-17 09:02:42.468][59][info][wasm] [external/envoy/source/extensions/common/wasm/context.cc:1311] wasm log: [easy-logger] [nil] [nil] plugin start successfully
[2025-11-17 09:02:42.468][41][info][wasm] [external/envoy/source/extensions/common/wasm/context.cc:1311] wasm log: [easy-logger] [nil] [nil] plugin start successfully
[2025-11-17 09:02:42.469][49][debug][wasm] [external/envoy/source/extensions/common/wasm/context.cc:1308] wasm log: [easy-logger] [nil] [nil] parseConfig()
[2025-11-17 09:02:42.469][49][debug][wasm] [external/envoy/source/extensions/common/wasm/context.cc:1308] wasm log: [easy-logger] [nil] [nil] parse config:&{true true 200,500,502,503}
[2025-11-17 09:02:42.469][49][info][wasm] [external/envoy/source/extensions/common/wasm/context.cc:1311] wasm log: [easy-logger] [nil] [nil] plugin start successfully
[2025-11-17 09:02:42.469][51][debug][wasm] [external/envoy/source/extensions/common/wasm/context.cc:1308] wasm log: [easy-logger] [nil] [nil] parseConfig()
[2025-11-17 09:02:42.469][51][debug][wasm] [external/envoy/source/extensions/common/wasm/context.cc:1308] wasm log: [easy-logger] [nil] [nil] parse config:&{true true 200,500,502,503}
[2025-11-17 09:02:42.469][51][info][wasm] [external/envoy/source/extensions/common/wasm/context.cc:1311] wasm log: [easy-logger] [nil] [nil] plugin start successfully
[2025-11-17 09:02:42.471][56][debug][wasm] [external/envoy/source/extensions/common/wasm/wasm.cc:146] Thread-Local Wasm created 17 now active
[2025-11-17 09:02:42.471][46][debug][wasm] [external/envoy/source/extensions/common/wasm/context.cc:1308] wasm log: [easy-logger] [nil] [nil] parseConfig()
[2025-11-17 09:02:42.471][46][debug][wasm] [external/envoy/source/extensions/common/wasm/context.cc:1308] wasm log: [easy-logger] [nil] [nil] parse config:&{true true 200,500,502,503}
[2025-11-17 09:02:42.471][46][info][wasm] [external/envoy/source/extensions/common/wasm/context.cc:1311] wasm log: [easy-logger] [nil] [nil] plugin start successfully
[2025-11-17 09:02:42.472][45][debug][wasm] [external/envoy/source/extensions/common/wasm/context.cc:1308] wasm log: [easy-logger] [nil] [nil] parseConfig()
[2025-11-17 09:02:42.473][45][debug][wasm] [external/envoy/source/extensions/common/wasm/context.cc:1308] wasm log: [easy-logger] [nil] [nil] parse config:&{true true 200,500,502,503}
[2025-11-17 09:02:42.473][45][info][wasm] [external/envoy/source/extensions/common/wasm/context.cc:1311] wasm log: [easy-logger] [nil] [nil] plugin start successfully
[2025-11-17 09:02:42.473][53][debug][wasm] [external/envoy/source/extensions/common/wasm/context.cc:1308] wasm log: [easy-logger] [nil] [nil] parseConfig()
[2025-11-17 09:02:42.473][53][debug][wasm] [external/envoy/source/extensions/common/wasm/context.cc:1308] wasm log: [easy-logger] [nil] [nil] parse config:&{true true 200,500,502,503}
[2025-11-17 09:02:42.473][53][info][wasm] [external/envoy/source/extensions/common/wasm/context.cc:1311] wasm log: [easy-logger] [nil] [nil] plugin start successfully
[2025-11-17 09:02:42.477][56][debug][wasm] [external/envoy/source/extensions/common/wasm/context.cc:1308] wasm log: [easy-logger] [nil] [nil] parseConfig()
[2025-11-17 09:02:42.477][56][debug][wasm] [external/envoy/source/extensions/common/wasm/context.cc:1308] wasm log: [easy-logger] [nil] [nil] parse config:&{true true 200,500,502,503}
[2025-11-17 09:02:42.478][56][info][wasm] [external/envoy/source/extensions/common/wasm/context.cc:1311] wasm log: [easy-logger] [nil] [nil] plugin start successfully
[2025-11-17 09:02:42.499][55][debug][wasm] [external/envoy/source/extensions/common/wasm/wasm.cc:146] Thread-Local Wasm created 18 now active
[2025-11-17 09:02:42.508][55][debug][wasm] [external/envoy/source/extensions/common/wasm/context.cc:1308] wasm log: [easy-logger] [nil] [nil] parseConfig()
[2025-11-17 09:02:42.508][55][debug][wasm] [external/envoy/source/extensions/common/wasm/context.cc:1308] wasm log: [easy-logger] [nil] [nil] parse config:&{true true 200,500,502,503}
[2025-11-17 09:02:42.508][55][info][wasm] [external/envoy/source/extensions/common/wasm/context.cc:1311] wasm log: [easy-logger] [nil] [nil] plugin start successfully
[2025-11-17 09:02:42.508][1][warning][main] [external/envoy/source/server/server.cc:715] there is no configured limit to the number of allowed active connections. Set a limit via the runtime key overload.global_downstream_max_connections
[2025-11-17 09:16:21.500][1][info][main] [external/envoy/source/server/drain_manager_impl.cc:171] shutting down parent after drain
